turtlepartiesApp/app/build/intermediates/manifest_merge_blame_file/debug/manifest-merger-blame-debug-report.txt
1<?xml version="1.0" encoding="utf-8"?>
2<manifest xmlns:android="http://schemas.android.com/apk/res/android"
3    package="com.example.turtlepartiesapp"
4    android:versionCode="1"
5    android:versionName="1.0" >
6
7    <uses-sdk
8        android:minSdkVersion="24"
8-->src\main\AndroidManifest.xml
9        android:targetSdkVersion="32" />
9-->src\main\AndroidManifest.xml
10
11    <uses-permission android:name="android.permission.ACCESS_COARSE_LOCATION" />
11-->src\main\AndroidManifest.xml:5:5-81
11-->src\main\AndroidManifest.xml:5:22-78
12    <uses-permission android:name="android.permission.ACCESS_FINE_LOCATION" />
12-->src\main\AndroidManifest.xml:6:5-79
12-->src\main\AndroidManifest.xml:6:22-76
13
14    <!-- Although the *SdkVersion is captured in gradle build files, this is required for non gradle builds -->
15    <!-- <uses-sdk android:minSdkVersion="14" /> -->
16    <uses-permission android:name="android.permission.ACCESS_NETWORK_STATE" />
16-->[com.google.firebase:firebase-firestore:24.0.1] AndroidManifest.xml:13:5-79
16-->[com.google.firebase:firebase-firestore:24.0.1] AndroidManifest.xml:13:22-76
17    <uses-permission android:name="android.permission.INTERNET" />
17-->[com.google.firebase:firebase-firestore:24.0.1] AndroidManifest.xml:14:5-67
17-->[com.google.firebase:firebase-firestore:24.0.1] AndroidManifest.xml:14:22-64
18
19    <uses-feature
19-->[com.google.android.gms:play-services-maps:18.0.2] AndroidManifest.xml:26:5-28:35
20        android:glEsVersion="0x00020000"
20-->[com.google.android.gms:play-services-maps:18.0.2] AndroidManifest.xml:27:9-41
21        android:required="true" />
21-->[com.google.android.gms:play-services-maps:18.0.2] AndroidManifest.xml:28:9-32
22
23    <queries>
23-->[com.google.android.gms:play-services-maps:18.0.2] AndroidManifest.xml:30:5-34:15
24
25        <!-- Needs to be explicitly declared on Android R+ -->
26        <package android:name="com.google.android.apps.maps" />
26-->[com.google.android.gms:play-services-maps:18.0.2] AndroidManifest.xml:33:9-64
26-->[com.google.android.gms:play-services-maps:18.0.2] AndroidManifest.xml:33:18-61
27    </queries>
28
29    <application
29-->src\main\AndroidManifest.xml:8:5-44:19
30        android:allowBackup="true"
30-->src\main\AndroidManifest.xml:9:9-35
31        android:appComponentFactory="androidx.core.app.CoreComponentFactory"
31-->[androidx.core:core:1.7.0] AndroidManifest.xml:24:18-86
32        android:debuggable="true"
33        android:extractNativeLibs="false"
34        android:icon="@mipmap/ic_launcher"
34-->src\main\AndroidManifest.xml:10:9-43
35        android:label="@string/app_name"
35-->src\main\AndroidManifest.xml:11:9-41
36        android:roundIcon="@mipmap/ic_launcher_round"
36-->src\main\AndroidManifest.xml:12:9-54
37        android:supportsRtl="true"
37-->src\main\AndroidManifest.xml:13:9-35
38        android:testOnly="true"
39        android:theme="@style/Theme.TurtlepartiesApp" >
39-->src\main\AndroidManifest.xml:14:9-54
40        <meta-data
41            android:name="com.google.android.geo.API_KEY"
41-->src\main\AndroidManifest.xml:17:13-58
42            android:value="AIzaSyCj9bxeyKrtePUr9OsZY6_OkjDpURt2Xcc" />
42-->src\main\AndroidManifest.xml:18:13-44
43
44        <activity
44-->src\main\AndroidManifest.xml:20:9-22:40
45            android:name="com.example.turtlepartiesapp.MapsActivity"
45-->src\main\AndroidManifest.xml:21:13-41
46            android:exported="false" />
46-->src\main\AndroidManifest.xml:22:13-37
47        <activity
47-->src\main\AndroidManifest.xml:24:9-26:40
48            android:name="com.example.turtlepartiesapp.LoginQRActivity"
48-->src\main\AndroidManifest.xml:25:13-44
49            android:exported="false" />
49-->src\main\AndroidManifest.xml:26:13-37
50        <activity
50-->src\main\AndroidManifest.xml:28:9-30:40
51            android:name="com.example.turtlepartiesapp.ProfileQRActivity"
51-->src\main\AndroidManifest.xml:29:13-46
52            android:exported="false" />
52-->src\main\AndroidManifest.xml:30:13-37
53        <activity
53-->src\main\AndroidManifest.xml:31:9-33:40
54            android:name="com.example.turtlepartiesapp.LeaderboardActivity"
54-->src\main\AndroidManifest.xml:32:13-48
55            android:exported="false" />
55-->src\main\AndroidManifest.xml:33:13-37
56        <activity
56-->src\main\AndroidManifest.xml:35:9-43:20
57            android:name="com.example.turtlepartiesapp.MainActivity"
57-->src\main\AndroidManifest.xml:36:13-41
58            android:exported="true" >
58-->src\main\AndroidManifest.xml:37:13-36
59            <intent-filter>
59-->src\main\AndroidManifest.xml:38:13-42:29
60                <action android:name="android.intent.action.MAIN" />
60-->src\main\AndroidManifest.xml:39:17-69
60-->src\main\AndroidManifest.xml:39:25-66
61
62                <category android:name="android.intent.category.LAUNCHER" />
62-->src\main\AndroidManifest.xml:41:17-77
62-->src\main\AndroidManifest.xml:41:27-74
63            </intent-filter>
64        </activity>
65
66        <service
66-->[com.google.firebase:firebase-firestore:24.0.1] AndroidManifest.xml:17:9-23:19
67            android:name="com.google.firebase.components.ComponentDiscoveryService"
67-->[com.google.firebase:firebase-firestore:24.0.1] AndroidManifest.xml:18:13-84
68            android:directBootAware="true"
68-->[com.google.firebase:firebase-common:20.0.0] AndroidManifest.xml:35:13-43
69            android:exported="false" >
69-->[com.google.firebase:firebase-firestore:24.0.1] AndroidManifest.xml:19:13-37
70            <meta-data
70-->[com.google.firebase:firebase-firestore:24.0.1] AndroidManifest.xml:20:13-22:85
71                android:name="com.google.firebase.components:com.google.firebase.firestore.FirestoreRegistrar"
71-->[com.google.firebase:firebase-firestore:24.0.1] AndroidManifest.xml:21:17-111
72                android:value="com.google.firebase.components.ComponentRegistrar" />
72-->[com.google.firebase:firebase-firestore:24.0.1] AndroidManifest.xml:22:17-82
73        </service> <!-- Needs to be explicitly declared on P+ -->
74        <uses-library
74-->[com.google.android.gms:play-services-maps:18.0.2] AndroidManifest.xml:39:9-41:40
75            android:name="org.apache.http.legacy"
75-->[com.google.android.gms:play-services-maps:18.0.2] AndroidManifest.xml:40:13-50
76            android:required="false" />
76-->[com.google.android.gms:play-services-maps:18.0.2] AndroidManifest.xml:41:13-37
77
78        <activity
78-->[com.google.android.gms:play-services-base:18.0.1] AndroidManifest.xml:20:9-22:45
79            android:name="com.google.android.gms.common.api.GoogleApiActivity"
79-->[com.google.android.gms:play-services-base:18.0.1] AndroidManifest.xml:20:19-85
80            android:exported="false"
80-->[com.google.android.gms:play-services-base:18.0.1] AndroidManifest.xml:22:19-43
81            android:theme="@android:style/Theme.Translucent.NoTitleBar" />
81-->[com.google.android.gms:play-services-base:18.0.1] AndroidManifest.xml:21:19-78
82
83        <provider
83-->[com.google.firebase:firebase-common:20.0.0] AndroidManifest.xml:26:9-31:39
84            android:name="com.google.firebase.provider.FirebaseInitProvider"
84-->[com.google.firebase:firebase-common:20.0.0] AndroidManifest.xml:27:13-77
85            android:authorities="com.example.turtlepartiesapp.firebaseinitprovider"
85-->[com.google.firebase:firebase-common:20.0.0] AndroidManifest.xml:28:13-72
86            android:directBootAware="true"
86-->[com.google.firebase:firebase-common:20.0.0] AndroidManifest.xml:29:13-43
87            android:exported="false"
87-->[com.google.firebase:firebase-common:20.0.0] AndroidManifest.xml:30:13-37
88            android:initOrder="100" />
88-->[com.google.firebase:firebase-common:20.0.0] AndroidManifest.xml:31:13-36
89
90        <meta-data
90-->[com.google.android.gms:play-services-basement:18.0.0] AndroidManifest.xml:21:9-23:69
91            android:name="com.google.android.gms.version"
91-->[com.google.android.gms:play-services-basement:18.0.0] AndroidManifest.xml:22:13-58
92            android:value="@integer/google_play_services_version" />
92-->[com.google.android.gms:play-services-basement:18.0.0] AndroidManifest.xml:23:13-66
93
94        <provider
94-->[androidx.emoji2:emoji2:1.0.0] AndroidManifest.xml:26:9-34:20
95            android:name="androidx.startup.InitializationProvider"
95-->[androidx.emoji2:emoji2:1.0.0] AndroidManifest.xml:27:13-67
96            android:authorities="com.example.turtlepartiesapp.androidx-startup"
96-->[androidx.emoji2:emoji2:1.0.0] AndroidManifest.xml:28:13-68
97            android:exported="false" >
97-->[androidx.emoji2:emoji2:1.0.0] AndroidManifest.xml:29:13-37
98            <meta-data
98-->[androidx.emoji2:emoji2:1.0.0] AndroidManifest.xml:31:13-33:52
99                android:name="androidx.emoji2.text.EmojiCompatInitializer"
99-->[androidx.emoji2:emoji2:1.0.0] AndroidManifest.xml:32:17-75
100                android:value="androidx.startup" />
100-->[androidx.emoji2:emoji2:1.0.0] AndroidManifest.xml:33:17-49
101            <meta-data
101-->[androidx.lifecycle:lifecycle-process:2.4.0] AndroidManifest.xml:31:13-33:52
102                android:name="androidx.lifecycle.ProcessLifecycleInitializer"
102-->[androidx.lifecycle:lifecycle-process:2.4.0] AndroidManifest.xml:32:17-78
103                android:value="androidx.startup" />
103-->[androidx.lifecycle:lifecycle-process:2.4.0] AndroidManifest.xml:33:17-49
104        </provider>
105    </application>
106
107</manifest>